🚀 Twitter bot is starting...
🚀 Twitter bot is starting...
⏳ Bot is running, checking schedule...
⏳ Bot is running, checking schedule...
⏳ Bot is running, checking schedule...
⏳ Bot is running, checking schedule...
⏳ Bot is running, checking schedule...
⏳ Bot is running, checking schedule...
⏳ Bot is running, checking schedule...
⏳ Bot is running, checking schedule...
⏳ Bot is running, checking schedule...
⏳ Bot is running, checking schedule...
⏳ Bot is running, checking schedule...
⏳ Bot is running, checking schedule...
⏳ Bot is running, checking schedule...
⏳ Bot is running, checking schedule...
⏳ Bot is running, checking schedule...
⏳ Bot is running, checking schedule...
⏳ Bot is running, checking schedule...
⏳ Bot is running, checking schedule...
⏳ Bot is running, checking schedule...
⏳ Bot is running, checking schedule...
⏳ Bot is running, checking schedule...
⏳ Bot is running, checking schedule...
⏳ Bot is running, checking schedule...
⏳ Bot is running, checking schedule...
⏳ Bot is running, checking schedule...
⏳ Bot is running, checking schedule...
⏳ Bot is running, checking schedule...
⏳ Bot is running, checking schedule...
⏳ Bot is running, checking schedule...
⏳ Bot is running, checking schedule...
⏳ Bot is running, checking schedule...
⏳ Bot is running, checking schedule...
⏳ Bot is running, checking schedule...
⏳ Bot is running, checking schedule...
⏳ Bot is running, checking schedule...
⏳ Bot is running, checking schedule...
⏳ Bot is running, checking schedule...
⏳ Bot is running, checking schedule...
⏳ Bot is running, checking schedule...
⏳ Bot is running, checking schedule...
⏳ Bot is running, checking schedule...
⏳ Bot is running, checking schedule...
⏳ Bot is running, checking schedule...
⏳ Bot is running, checking schedule...
⏳ Bot is running, checking schedule...
⏳ Bot is running, checking schedule...
⏳ Bot is running, checking schedule...
⏳ Bot is running, checking schedule...
⏳ Bot is running, checking schedule...
⏳ Bot is running, checking schedule...
⏳ Bot is running, checking schedule...
⏳ Bot is running, checking schedule...
⏳ Bot is running, checking schedule...
⏳ Bot is running, checking schedule...
⏳ Bot is running, checking schedule...
⏳ Bot is running, checking schedule...
⏳ Bot is running, checking schedule...
⏳ Bot is running, checking schedule...
⏳ Bot is running, checking schedule...
⏳ Bot is running, checking schedule...
⏳ Bot is running, checking schedule...
⏳ Bot is running, checking schedule...
⏳ Bot is running, checking schedule...
⏳ Bot is running, checking schedule...
⏳ Bot is running, checking schedule...
⏳ Bot is running, checking schedule...
⏳ Bot is running, checking schedule...
⏳ Bot is running, checking schedule...
⏳ Bot is running, checking schedule...
⏳ Bot is running, checking schedule...
⏳ Bot is running, checking schedule...
⏳ Bot is running, checking schedule...
⏳ Bot is running, checking schedule...
⏳ Bot is running, checking schedule...
⏳ Bot is running, checking schedule...
⏳ Bot is running, checking schedule...
⏳ Bot is running, checking schedule...
⏳ Bot is running, checking schedule...
⏳ Bot is running, checking schedule...
⏳ Bot is running, checking schedule...
⏳ Bot is running, checking schedule...
⏳ Bot is running, checking schedule...
⏳ Bot is running, checking schedule...
⏳ Bot is running, checking schedule...
⏳ Bot is running, checking schedule...
⏳ Bot is running, checking schedule...
⏳ Bot is running, checking schedule...
⏳ Bot is running, checking schedule...
⏳ Bot is running, checking schedule...
⏳ Bot is running, checking schedule...
⏳ Bot is running, checking schedule...
⏳ Bot is running, checking schedule...
⏳ Bot is running, checking schedule...
⏳ Bot is running, checking schedule...
⏳ Bot is running, checking schedule...
⏳ Bot is running, checking schedule...
⏳ Bot is running, checking schedule...
⏳ Bot is running, checking schedule...
⏳ Bot is running, checking schedule...
⏳ Bot is running, checking schedule...
⏳ Bot is running, checking schedule...
⏳ Bot is running, checking schedule...
⏳ Bot is running, checking schedule...
⏳ Bot is running, checking schedule...
⏳ Bot is running, checking schedule...
⏳ Bot is running, checking schedule...
⏳ Bot is running, checking schedule...
⏳ Bot is running, checking schedule...
⏳ Bot is running, checking schedule...
⏳ Bot is running, checking schedule...
⏳ Bot is running, checking schedule...
⏳ Bot is running, checking schedule...
⏳ Bot is running, checking schedule...
⏳ Bot is running, checking schedule...
🔄 Checking for tweets to reply to...
🔍 Searching Twitter for: stock market
Traceback (most recent call last):
  File "/Users/elliottganley/teslafin/twitter-bot/twitter-bot/bot.py", line 124, in <module>
    schedule.run_pending()
    ~~~~~~~~~~~~~~~~~~~~^^
  File "/Users/elliottganley/teslafin/twitter-bot/venv/lib/python3.13/site-packages/schedule/__init__.py", line 854, in run_pending
    default_scheduler.run_pending()
    ~~~~~~~~~~~~~~~~~~~~~~~~~~~~~^^
  File "/Users/elliottganley/teslafin/twitter-bot/venv/lib/python3.13/site-packages/schedule/__init__.py", line 101, in run_pending
    self._run_job(job)
    ~~~~~~~~~~~~~^^^^^
  File "/Users/elliottganley/teslafin/twitter-bot/venv/lib/python3.13/site-packages/schedule/__init__.py", line 173, in _run_job
    ret = job.run()
  File "/Users/elliottganley/teslafin/twitter-bot/venv/lib/python3.13/site-packages/schedule/__init__.py", line 691, in run
    ret = self.job_func()
  File "/Users/elliottganley/teslafin/twitter-bot/twitter-bot/bot.py", line 104, in auto_reply
    for tweet in tweepy.Cursor(api.search_tweets, q=term, lang="en").items(3):
                 ~~~~~~~~~~~~~~~~~~~~~~~~~~~~~~~~~~~~~~~~~~~~~~~~~~~~~~~~~^^^
  File "/Users/elliottganley/teslafin/twitter-bot/venv/lib/python3.13/site-packages/tweepy/cursor.py", line 86, in __next__
    return self.next()
           ~~~~~~~~~^^
  File "/Users/elliottganley/teslafin/twitter-bot/venv/lib/python3.13/site-packages/tweepy/cursor.py", line 286, in next
    self.current_page = next(self.page_iterator)
                        ~~~~^^^^^^^^^^^^^^^^^^^^
  File "/Users/elliottganley/teslafin/twitter-bot/venv/lib/python3.13/site-packages/tweepy/cursor.py", line 86, in __next__
    return self.next()
           ~~~~~~~~~^^
  File "/Users/elliottganley/teslafin/twitter-bot/venv/lib/python3.13/site-packages/tweepy/cursor.py", line 167, in next
    data = self.method(max_id=self.max_id, parser=RawParser(), *self.args, **self.kwargs)
  File "/Users/elliottganley/teslafin/twitter-bot/venv/lib/python3.13/site-packages/tweepy/api.py", line 32, in wrapper
    return method(*args, **kwargs)
  File "/Users/elliottganley/teslafin/twitter-bot/venv/lib/python3.13/site-packages/tweepy/api.py", line 45, in wrapper
    return method(*args, **kwargs)
  File "/Users/elliottganley/teslafin/twitter-bot/venv/lib/python3.13/site-packages/tweepy/api.py", line 1221, in search_tweets
    return self.request(
           ~~~~~~~~~~~~^
        'GET', 'search/tweets', endpoint_parameters=(
        ^^^^^^^^^^^^^^^^^^^^^^^^^^^^^^^^^^^^^^^^^^^^^
    ...<2 lines>...
        ), q=q, **kwargs
        ^^^^^^^^^^^^^^^^
    )
    ^
  File "/Users/elliottganley/teslafin/twitter-bot/venv/lib/python3.13/site-packages/tweepy/api.py", line 268, in request
    raise Unauthorized(resp)
tweepy.errors.Unauthorized: 401 Unauthorized
89 - Invalid or expired token.
